Line 21: Property Icon in frmedf had an invalid file reference.
Line 142: Property Picture in bRecalc had an invalid file reference.
Line 174: Property PictureUp in b had an invalid file reference.
Line 189: Property PictureUp in b had an invalid file reference.
Line 204: Property PictureUp in b had an invalid file reference.
Line 219: Property PictureUp in b had an invalid file reference.
Line 234: Property PictureUp in b had an invalid file reference.
Line 249: Property PictureUp in b had an invalid file reference.
Line 511: Property Picture in bCancel had an invalid file reference.
Line 521: Property Picture in bPrintList had an invalid file reference.
Line 531: Property Picture in bPrintReports had an invalid file reference.
Line 21: Property Icon in frmedf had an invalid file reference.
Line 142: Property Picture in bRecalc had an invalid file reference.
Line 174: Property PictureUp in b had an invalid file reference.
Line 189: Property PictureUp in b had an invalid file reference.
Line 204: Property PictureUp in b had an invalid file reference.
Line 219: Property PictureUp in b had an invalid file reference.
Line 234: Property PictureUp in b had an invalid file reference.
Line 249: Property PictureUp in b had an invalid file reference.
Line 511: Property Picture in bCancel had an invalid file reference.
Line 521: Property Picture in bPrintList had an invalid file reference.
Line 531: Property Picture in bPrintReports had an invalid file reference.
